0 verbose cli [
0 verbose cli   '/Users/danicaerediano/.nvm/versions/node/v17.2.0/bin/node',
0 verbose cli   '/Users/danicaerediano/.nvm/versions/node/v17.2.0/bin/npm',
0 verbose cli   'run',
0 verbose cli   'lint',
0 verbose cli   '--cache',
0 verbose cli   '--fix'
0 verbose cli ]
1 info using npm@8.5.3
2 info using node@v17.2.0
3 timing npm:load:whichnode Completed in 0ms
4 timing config:load:defaults Completed in 1ms
5 timing config:load:file:/Users/danicaerediano/.nvm/versions/node/v17.2.0/lib/node_modules/npm/npmrc Completed in 1ms
6 timing config:load:builtin Completed in 1ms
7 timing config:load:cli Completed in 1ms
8 timing config:load:env Completed in 0ms
9 timing config:load:file:/Users/danicaerediano/inji/.npmrc Completed in 0ms
10 timing config:load:project Completed in 1ms
11 timing config:load:file:/Users/danicaerediano/.npmrc Completed in 0ms
12 timing config:load:user Completed in 0ms
13 timing config:load:file:/Users/danicaerediano/.nvm/versions/node/v17.2.0/etc/npmrc Completed in 0ms
14 timing config:load:global Completed in 0ms
15 timing config:load:validate Completed in 0ms
16 timing config:load:credentials Completed in 0ms
17 timing config:load:setEnvs Completed in 1ms
18 timing config:load Completed in 5ms
19 timing npm:load:configload Completed in 5ms
20 timing npm:load:setTitle Completed in 4ms
21 timing config:load:flatten Completed in 1ms
22 timing npm:load:display Completed in 2ms
23 verbose logfile /Users/danicaerediano/inji/--fix/_logs/2022-05-06T02_56_55_921Z-debug-0.log
24 timing npm:load:logFile Completed in 2ms
25 timing npm:load:timers Completed in 0ms
26 timing npm:load:configScope Completed in 0ms
27 timing npm:load Completed in 13ms
28 timing command:run Completed in 92ms
29 verbose stack Error: Missing script: "lint"
29 verbose stack
29 verbose stack Did you mean this?
29 verbose stack     npm link # Symlink a package folder
29 verbose stack
29 verbose stack To see a list of scripts, run:
29 verbose stack   npm run
29 verbose stack     at RunScript.run (/Users/danicaerediano/.nvm/versions/node/v17.2.0/lib/node_modules/npm/lib/commands/run-script.js:96:13)
29 verbose stack     at async module.exports (/Users/danicaerediano/.nvm/versions/node/v17.2.0/lib/node_modules/npm/lib/cli.js:66:5)
30 verbose cwd /Users/danicaerediano/inji
31 verbose Darwin 21.4.0
32 verbose argv "/Users/danicaerediano/.nvm/versions/node/v17.2.0/bin/node" "/Users/danicaerediano/.nvm/versions/node/v17.2.0/bin/npm" "run" "lint" "--cache" "--fix"
33 verbose node v17.2.0
34 verbose npm  v8.5.3
35 error Missing script: "lint"
35 error
35 error Did you mean this?
35 error     npm link # Symlink a package folder
35 error
35 error To see a list of scripts, run:
35 error   npm run
36 verbose exit 1
37 timing npm Completed in 186ms
38 verbose code 1
39 error A complete log of this run can be found in:
39 error     /Users/danicaerediano/inji/--fix/_logs/2022-05-06T02_56_55_921Z-debug-0.log
